<?xml version="1.0" encoding="UTF-8"?>
<!-- Generated by org.testng.reporters.JUnitXMLReporter -->
<testsuite ignored="0" hostname="DESKTOP-I5F2NBJ" failures="0" tests="7" name="Test" time="36.43" errors="0" timestamp="2023-07-19T17:55:17 IST">
  <testcase classname="testScript.explicitWait" name="verifyText" time="6.188"/>
  <testcase classname="testScript.groupingDemo" name="Car1" time="0.0"/>
  <testcase classname="testScript.groupingDemo" name="Car2" time="0.0"/>
  <testcase classname="testScript.groupingDemo" name="Car3" time="0.015"/>
  <testcase classname="testScript.groupingDemo" name="Car4" time="0.0"/>
  <testcase classname="testScript.groupingDemo" name="Car5" time="0.0"/>
  <testcase classname="testScript.verifyTitle" name="titleVerification" time="0.032"/>
</testsuite> <!-- Test -->
