<?xml version="1.0" encoding="UTF-8"?>
<testng-results ignored="0" total="1" passed="1" failed="0" skipped="0">
  <reporter-output>
  </reporter-output>
  <suite started-at="2023-07-19T17:38:18 IST" name="Default suite" finished-at="2023-07-19T17:38:40 IST" duration-ms="22036">
    <groups>
    </groups>
    <test started-at="2023-07-19T17:38:18 IST" name="Default test" finished-at="2023-07-19T17:38:40 IST" duration-ms="22036">
      <class name="com.mphasis.seleniumWithMaven.verifyTitle">
        <test-method is-config="true" signature="launchApplication()[pri:0, instance:com.mphasis.seleniumWithMaven.verifyTitle@7ef82753]" started-at="2023-07-19T17:38:18 IST" name="launchApplication" finished-at="2023-07-19T17:38:39 IST" duration-ms="21264" status="PASS">
          <reporter-output>
          </reporter-output>
        </test-method> <!-- launchApplication -->
        <test-method signature="titleVerification()[pri:0, instance:com.mphasis.seleniumWithMaven.verifyTitle@7ef82753]" started-at="2023-07-19T17:38:39 IST" name="titleVerification" finished-at="2023-07-19T17:38:39 IST" duration-ms="38" status="PASS">
          <reporter-output>
          </reporter-output>
        </test-method> <!-- titleVerification -->
        <test-method is-config="true" signature="closeBrowser()[pri:0, instance:com.mphasis.seleniumWithMaven.verifyTitle@7ef82753]" started-at="2023-07-19T17:38:39 IST" name="closeBrowser" finished-at="2023-07-19T17:38:40 IST" duration-ms="670" status="PASS">
          <reporter-output>
          </reporter-output>
        </test-method> <!-- closeBrowser -->
      </class> <!-- com.mphasis.seleniumWithMaven.verifyTitle -->
    </test> <!-- Default test -->
  </suite> <!-- Default suite -->
</testng-results>
