<?xml version="1.0" encoding="UTF-8"?>
<testng-results ignored="0" total="7" passed="7" failed="0" skipped="0">
  <reporter-output>
  </reporter-output>
  <suite started-at="2023-08-01T09:58:55 IST" name="Suite" finished-at="2023-08-01T10:03:48 IST" duration-ms="292594">
    <groups>
      <group name="cucumber">
        <method signature="AbstractTestNGCucumberTests.runScenario(io.cucumber.testng.PickleWrapper,io.cucumber.testng.FeatureWrapper)[pri:0, instance:in.amazon.teststeps.TestRunner@478ee483]" name="runScenario" class="io.cucumber.testng.AbstractTestNGCucumberTests"/>
      </group> <!-- cucumber -->
    </groups>
    <test started-at="2023-08-01T09:58:55 IST" name="Test" finished-at="2023-08-01T10:03:48 IST" duration-ms="292594">
      <class name="in.amazon.teststeps.TestRunner">
        <test-method is-config="true" signature="setUpClass(org.testng.ITestContext)[pri:0, instance:in.amazon.teststeps.TestRunner@478ee483]" started-at="2023-08-01T09:58:55 IST" name="setUpClass" finished-at="2023-08-01T09:58:56 IST" duration-ms="1074" status="PASS">
          <params>
            <param index="0">
              <value>
                <![CDATA[org.testng.TestRunner@4e5364a3]]>
              </value>
            </param>
          </params>
          <reporter-output>
          </reporter-output>
        </test-method> <!-- setUpClass -->
        <test-method signature="runScenario(io.cucumber.testng.PickleWrapper,io.cucumber.testng.FeatureWrapper)[pri:0, instance:in.amazon.teststeps.TestRunner@478ee483]" started-at="2023-08-01T09:58:56 IST" name="runScenario" description="Runs Cucumber Scenarios" data-provider="scenarios" finished-at="2023-08-01T10:00:58 IST" duration-ms="121656" status="PASS">
          <params>
            <param index="0">
              <value>
                <![CDATA["A user must be able to buy a mobile phone on Amazon"]]>
              </value>
            </param>
            <param index="1">
              <value>
                <![CDATA["Optional[Buy Mobile Phone]"]]>
              </value>
            </param>
          </params>
          <reporter-output>
          </reporter-output>
        </test-method> <!-- runScenario -->
        <test-method signature="runScenario(io.cucumber.testng.PickleWrapper,io.cucumber.testng.FeatureWrapper)[pri:0, instance:in.amazon.teststeps.TestRunner@478ee483]" started-at="2023-08-01T10:00:58 IST" name="runScenario" description="Runs Cucumber Scenarios" data-provider="scenarios" finished-at="2023-08-01T10:01:28 IST" duration-ms="30598" status="PASS">
          <params>
            <param index="0">
              <value>
                <![CDATA["A user with invaild credentials must get an error message while logging in"]]>
              </value>
            </param>
            <param index="1">
              <value>
                <![CDATA["Optional[Login functionality]"]]>
              </value>
            </param>
          </params>
          <reporter-output>
          </reporter-output>
        </test-method> <!-- runScenario -->
        <test-method signature="runScenario(io.cucumber.testng.PickleWrapper,io.cucumber.testng.FeatureWrapper)[pri:0, instance:in.amazon.teststeps.TestRunner@478ee483]" started-at="2023-08-01T10:01:28 IST" name="runScenario" description="Runs Cucumber Scenarios" data-provider="scenarios" finished-at="2023-08-01T10:02:14 IST" duration-ms="45555" status="PASS">
          <params>
            <param index="0">
              <value>
                <![CDATA["A user with invaild credentials must get an error message while logging in"]]>
              </value>
            </param>
            <param index="1">
              <value>
                <![CDATA["Optional[Login functionality]"]]>
              </value>
            </param>
          </params>
          <reporter-output>
          </reporter-output>
        </test-method> <!-- runScenario -->
        <test-method signature="runScenario(io.cucumber.testng.PickleWrapper,io.cucumber.testng.FeatureWrapper)[pri:0, instance:in.amazon.teststeps.TestRunner@478ee483]" started-at="2023-08-01T10:02:14 IST" name="runScenario" description="Runs Cucumber Scenarios" data-provider="scenarios" finished-at="2023-08-01T10:02:37 IST" duration-ms="23095" status="PASS">
          <params>
            <param index="0">
              <value>
                <![CDATA["A user with invaild credentials must get an error message while logging in"]]>
              </value>
            </param>
            <param index="1">
              <value>
                <![CDATA["Optional[Login functionality]"]]>
              </value>
            </param>
          </params>
          <reporter-output>
          </reporter-output>
        </test-method> <!-- runScenario -->
        <test-method signature="runScenario(io.cucumber.testng.PickleWrapper,io.cucumber.testng.FeatureWrapper)[pri:0, instance:in.amazon.teststeps.TestRunner@478ee483]" started-at="2023-08-01T10:02:37 IST" name="runScenario" description="Runs Cucumber Scenarios" data-provider="scenarios" finished-at="2023-08-01T10:02:56 IST" duration-ms="19170" status="PASS">
          <params>
            <param index="0">
              <value>
                <![CDATA["A user with invaild credentials must get an error message while logging in"]]>
              </value>
            </param>
            <param index="1">
              <value>
                <![CDATA["Optional[Login functionality]"]]>
              </value>
            </param>
          </params>
          <reporter-output>
          </reporter-output>
        </test-method> <!-- runScenario -->
        <test-method signature="runScenario(io.cucumber.testng.PickleWrapper,io.cucumber.testng.FeatureWrapper)[pri:0, instance:in.amazon.teststeps.TestRunner@478ee483]" started-at="2023-08-01T10:02:56 IST" name="runScenario" description="Runs Cucumber Scenarios" data-provider="scenarios" finished-at="2023-08-01T10:03:19 IST" duration-ms="22585" status="PASS">
          <params>
            <param index="0">
              <value>
                <![CDATA["A user with invaild credentials must get an error message while logging in"]]>
              </value>
            </param>
            <param index="1">
              <value>
                <![CDATA["Optional[Login functionality]"]]>
              </value>
            </param>
          </params>
          <reporter-output>
          </reporter-output>
        </test-method> <!-- runScenario -->
        <test-method signature="runScenario(io.cucumber.testng.PickleWrapper,io.cucumber.testng.FeatureWrapper)[pri:0, instance:in.amazon.teststeps.TestRunner@478ee483]" started-at="2023-08-01T10:03:19 IST" name="runScenario" description="Runs Cucumber Scenarios" data-provider="scenarios" finished-at="2023-08-01T10:03:44 IST" duration-ms="24889" status="PASS">
          <params>
            <param index="0">
              <value>
                <![CDATA["A user with invaild credentials must get an error message while logging in"]]>
              </value>
            </param>
            <param index="1">
              <value>
                <![CDATA["Optional[Login functionality]"]]>
              </value>
            </param>
          </params>
          <reporter-output>
          </reporter-output>
        </test-method> <!-- runScenario -->
        <test-method is-config="true" signature="tearDownClass()[pri:0, instance:in.amazon.teststeps.TestRunner@478ee483]" started-at="2023-08-01T10:03:44 IST" name="tearDownClass" finished-at="2023-08-01T10:03:48 IST" duration-ms="3940" status="PASS">
          <reporter-output>
          </reporter-output>
        </test-method> <!-- tearDownClass -->
      </class> <!-- in.amazon.teststeps.TestRunner -->
    </test> <!-- Test -->
  </suite> <!-- Suite -->
</testng-results>
