<?xml version="1.0" encoding="UTF-8"?>
<!-- Generated by org.testng.reporters.JUnitReportReporter -->
<testsuite hostname="DESKTOP-I5F2NBJ" failures="0" tests="2" name="utils.TestRunner" time="45.225" errors="1" timestamp="2023-07-27T11:27:48 IST" skipped="0">
  <testcase classname="utils.TestRunner" name="runScenario" time="44.971"/>
  <system-out/>
  <testcase classname="utils.TestRunner" name="runScenario" time="0.254">
    <error message="Cannot invoke &quot;in.amazon.pages.LandingPage.clickMobiles()&quot; because &quot;in.amazon.teststeps.BuyMobliePhoneSteps.landingPage&quot; is null" type="java.lang.NullPointerException">
      <![CDATA[java.lang.NullPointerException: Cannot invoke "in.amazon.pages.LandingPage.clickMobiles()" because "in.amazon.teststeps.BuyMobliePhoneSteps.landingPage" is null
at in.amazon.teststeps.BuyMobliePhoneSteps.he_click_on_moblies_in_the_navigation_bar(BuyMobliePhoneSteps.java:21)
at ✽.he click on Moblies in the navigation bar(file:///E:/Mphasis/phase%202/AmazonWithCucumber/Features/buy_mobile_phone.feature:5)
]]>
    </error>
  </testcase> <!-- runScenario -->
  <system-out/>
</testsuite> <!-- utils.TestRunner -->
