<?xml version="1.0" encoding="UTF-8"?>
<!-- Generated by org.testng.reporters.JUnitXMLReporter -->
<testsuite ignored="0" hostname="DESKTOP-I5F2NBJ" failures="0" tests="5" name="Default test" time="4.66" errors="0" timestamp="2023-08-23T17:34:00 IST">
  <testcase classname="in.amazon.restAssuredDemo.create_update_delete_Resource" name="createPayLoad" time="0.285"/>
  <testcase classname="in.amazon.restAssuredDemo.create_update_delete_Resource" name="createResource" time="2.06"/>
  <testcase classname="in.amazon.restAssuredDemo.create_update_delete_Resource" name="verifyResource" time="0.715"/>
  <testcase classname="in.amazon.restAssuredDemo.create_update_delete_Resource" name="updateResource" time="0.862"/>
  <testcase classname="in.amazon.restAssuredDemo.create_update_delete_Resource" name="deleteResource" time="0.622"/>
</testsuite> <!-- Default test -->
