<?xml version="1.0" encoding="UTF-8"?>
<testng-results ignored="0" total="5" passed="5" failed="0" skipped="0">
  <reporter-output>
  </reporter-output>
  <suite started-at="2023-08-23T17:33:56 IST" name="Default suite" finished-at="2023-08-23T17:34:00 IST" duration-ms="4660">
    <groups>
    </groups>
    <test started-at="2023-08-23T17:33:56 IST" name="Default test" finished-at="2023-08-23T17:34:00 IST" duration-ms="4660">
      <class name="in.amazon.restAssuredDemo.create_update_delete_Resource">
        <test-method is-config="true" signature="setUp()[pri:0, instance:in.amazon.restAssuredDemo.create_update_delete_Resource@5e7cd6cc]" started-at="2023-08-23T17:33:56 IST" name="setUp" finished-at="2023-08-23T17:33:56 IST" duration-ms="77" status="PASS">
          <reporter-output>
          </reporter-output>
        </test-method> <!-- setUp -->
        <test-method signature="createPayLoad()[pri:0, instance:in.amazon.restAssuredDemo.create_update_delete_Resource@5e7cd6cc]" started-at="2023-08-23T17:33:56 IST" name="createPayLoad" finished-at="2023-08-23T17:33:56 IST" duration-ms="285" status="PASS">
          <reporter-output>
          </reporter-output>
        </test-method> <!-- createPayLoad -->
        <test-method signature="createResource()[pri:1, instance:in.amazon.restAssuredDemo.create_update_delete_Resource@5e7cd6cc]" started-at="2023-08-23T17:33:56 IST" name="createResource" finished-at="2023-08-23T17:33:58 IST" duration-ms="2060" status="PASS">
          <reporter-output>
          </reporter-output>
        </test-method> <!-- createResource -->
        <test-method signature="verifyResource()[pri:2, instance:in.amazon.restAssuredDemo.create_update_delete_Resource@5e7cd6cc]" started-at="2023-08-23T17:33:58 IST" name="verifyResource" finished-at="2023-08-23T17:33:59 IST" duration-ms="715" status="PASS">
          <reporter-output>
          </reporter-output>
        </test-method> <!-- verifyResource -->
        <test-method signature="updateResource()[pri:3, instance:in.amazon.restAssuredDemo.create_update_delete_Resource@5e7cd6cc]" started-at="2023-08-23T17:33:59 IST" name="updateResource" finished-at="2023-08-23T17:34:00 IST" duration-ms="862" status="PASS">
          <reporter-output>
          </reporter-output>
        </test-method> <!-- updateResource -->
        <test-method signature="deleteResource()[pri:4, instance:in.amazon.restAssuredDemo.create_update_delete_Resource@5e7cd6cc]" started-at="2023-08-23T17:34:00 IST" name="deleteResource" finished-at="2023-08-23T17:34:00 IST" duration-ms="622" status="PASS">
          <reporter-output>
          </reporter-output>
        </test-method> <!-- deleteResource -->
      </class> <!-- in.amazon.restAssuredDemo.create_update_delete_Resource -->
    </test> <!-- Default test -->
  </suite> <!-- Default suite -->
</testng-results>
